mode: set
github.com/rgeraskin/joytime/cmd/config.go:15.35,19.38 3 0
github.com/rgeraskin/joytime/cmd/config.go:19.38,21.3 1 0
github.com/rgeraskin/joytime/cmd/config.go:23.2,24.42 2 0
github.com/rgeraskin/joytime/cmd/config.go:24.42,26.3 1 0
github.com/rgeraskin/joytime/cmd/config.go:28.2,29.20 2 0
github.com/rgeraskin/joytime/cmd/config.go:32.31,39.37 7 0
github.com/rgeraskin/joytime/cmd/config.go:39.37,41.3 1 0
github.com/rgeraskin/joytime/cmd/config.go:42.2,42.12 1 0
github.com/rgeraskin/joytime/cmd/config.go:45.35,46.19 1 0
github.com/rgeraskin/joytime/cmd/config.go:46.19,48.3 1 0
github.com/rgeraskin/joytime/cmd/config.go:49.2,49.21 1 0
github.com/rgeraskin/joytime/cmd/config.go:49.21,51.3 1 0
github.com/rgeraskin/joytime/cmd/config.go:52.2,52.25 1 0
github.com/rgeraskin/joytime/cmd/config.go:52.25,54.3 1 0
github.com/rgeraskin/joytime/cmd/config.go:55.2,55.21 1 0
github.com/rgeraskin/joytime/cmd/config.go:55.21,57.3 1 0
github.com/rgeraskin/joytime/cmd/config.go:58.2,58.21 1 0
github.com/rgeraskin/joytime/cmd/config.go:58.21,60.3 1 0
github.com/rgeraskin/joytime/cmd/config.go:61.2,61.25 1 0
github.com/rgeraskin/joytime/cmd/config.go:61.25,63.3 1 0
github.com/rgeraskin/joytime/cmd/config.go:64.2,64.12 1 0
github.com/rgeraskin/joytime/cmd/main.go:15.13,28.30 5 0
github.com/rgeraskin/joytime/cmd/main.go:28.30,30.3 1 0
github.com/rgeraskin/joytime/cmd/main.go:31.2,40.16 4 0
github.com/rgeraskin/joytime/cmd/main.go:40.16,42.3 1 0
github.com/rgeraskin/joytime/cmd/main.go:45.2,47.16 3 0
github.com/rgeraskin/joytime/cmd/main.go:47.16,49.3 1 0
github.com/rgeraskin/joytime/cmd/main.go:52.2,52.10 1 0
github.com/rgeraskin/joytime/cmd/main.go:52.10,55.3 2 0
github.com/rgeraskin/joytime/cmd/main.go:58.2,66.82 3 0
github.com/rgeraskin/joytime/cmd/main.go:66.82,68.3 1 0
github.com/rgeraskin/joytime/internal/postgres/client.go:20.82,44.16 4 0
github.com/rgeraskin/joytime/internal/postgres/client.go:44.16,46.3 1 0
github.com/rgeraskin/joytime/internal/postgres/client.go:48.2,57.16 3 0
github.com/rgeraskin/joytime/internal/postgres/client.go:57.16,59.3 1 0
github.com/rgeraskin/joytime/internal/postgres/client.go:61.2,61.15 1 0
github.com/rgeraskin/joytime/internal/postgres/client.go:61.15,64.17 3 0
github.com/rgeraskin/joytime/internal/postgres/client.go:64.17,66.4 1 0
github.com/rgeraskin/joytime/internal/postgres/client.go:69.2,69.16 1 0
github.com/rgeraskin/joytime/internal/postgres/fill.go:5.30,220.2 13 0
